<?xml version="1.0" encoding="UTF-8"?>
<testng-results ignored="1" total="2" passed="1" failed="0" skipped="0">
  <reporter-output>
    <line>
      <![CDATA[Running TC1]]>
    </line>
  </reporter-output>
  <suite started-at="2022-11-05T09:37:45 IST" name="Default suite" finished-at="2022-11-05T09:37:45 IST" duration-ms="99">
    <groups>
    </groups>
    <test started-at="2022-11-05T09:37:45 IST" name="Default test" finished-at="2022-11-05T09:37:45 IST" duration-ms="99">
      <class name="Test_NG_Programmes.Enabled">
        <test-method signature="TC2()[pri:0, instance:Test_NG_Programmes.Enabled@3add81c4]" started-at="2022-11-05T09:37:45 IST" name="TC2" finished-at="2022-11-05T09:37:45 IST" duration-ms="19" status="PASS">
          <reporter-output>
            <line>
              <![CDATA[Running TC1]]>
            </line>
          </reporter-output>
        </test-method> <!-- TC2 -->
      </class> <!-- Test_NG_Programmes.Enabled -->
    </test> <!-- Default test -->
  </suite> <!-- Default suite -->
</testng-results>
